<?xml version="1.0" encoding="UTF-8"?>
<!-- Generated by org.testng.reporters.JUnitReportReporter -->
<testsuite skipped="0" hostname="XIPL9722" name="chromeoptions.ChromeOptionsHandling" tests="1" failures="0" timestamp="2021-04-12T16:44:22 IST" time="7.751" errors="0">
  <testcase name="HandleChromeOptions" time="7.751" classname="chromeoptions.ChromeOptionsHandling"/>
  <system-out/>
</testsuite> <!-- chromeoptions.ChromeOptionsHandling -->
