<?xml version="1.0" encoding="UTF-8"?>
<!-- Generated by org.testng.reporters.JUnitReportReporter -->
<testsuite skipped="0" hostname="XIPL9722" name="datadriventesting.DataDrivenTest" tests="3" failures="0" timestamp="2021-07-07T22:02:13 IST" time="54.169" errors="0">
  <testcase name="loginWithSetOfTestData" time="14.805" classname="datadriventesting.DataDrivenTest"/>
  <system-out/>
  <testcase name="loginWithSetOfTestData" time="26.038" classname="datadriventesting.DataDrivenTest"/>
  <system-out/>
  <testcase name="loginWithSetOfTestData" time="13.326" classname="datadriventesting.DataDrivenTest"/>
  <system-out/>
</testsuite> <!-- datadriventesting.DataDrivenTest -->
