<?xml version="1.0" encoding="UTF-8"?>
<!-- Generated by org.testng.reporters.JUnitReportReporter -->
<testsuite skipped="0" hostname="XIPL9722" name="graphAutomation.ComplexSVGUiElements" tests="1" failures="0" timestamp="2021-09-11T12:43:49 IST" time="116.165" errors="0">
  <testcase name="testBrowser" time="116.165" classname="graphAutomation.ComplexSVGUiElements"/>
  <system-out/>
</testsuite> <!-- graphAutomation.ComplexSVGUiElements -->
