<?xml version="1.0" encoding="UTF-8"?>
<!-- Generated by org.testng.reporters.JUnitReportReporter -->
<testsuite hostname="XIPL9722" failures="0" tests="2" name="baseclass.TestingClass" time="8.021" errors="0" timestamp="2021-04-04T09:10:46 IST" skipped="0">
  <testcase classname="baseclass.TestingClass" name="loginIntoTheAppWithValidCred" time="6.017"/>
  <system-out/>
  <testcase classname="baseclass.TestingClass" name="loginIntoTheAppWithInvalidCred" time="2.004"/>
  <system-out/>
</testsuite> <!-- baseclass.TestingClass -->
