<?xml version="1.0" encoding="UTF-8"?>
<!-- Generated by org.testng.reporters.JUnitReportReporter -->
<testsuite skipped="0" hostname="XIPL9722" name="alerthandling.AlertHandle" tests="3" failures="0" timestamp="2021-06-26T07:52:56 IST" time="47.346" errors="0">
  <testcase name="simpleAlertHandling" time="21.281" classname="alerthandling.AlertHandle"/>
  <system-out/>
  <testcase name="promptAlertHandling" time="17.354" classname="alerthandling.AlertHandle"/>
  <system-out/>
  <testcase name="confirmationAlertHandling" time="8.711" classname="alerthandling.AlertHandle"/>
  <system-out/>
</testsuite> <!-- alerthandling.AlertHandle -->
