<?xml version="1.0" encoding="UTF-8"?>
<!-- Generated by org.testng.reporters.JUnitReportReporter -->
<testsuite skipped="0" hostname="XIPL9722" name="debugging.ExecuteSeleniumScriptsOnAlreadyOpenedBrowser" tests="1" failures="0" timestamp="2021-04-10T10:12:21 IST" time="2.840" errors="0">
  <testcase name="testDebuggin" time="2.840" classname="debugging.ExecuteSeleniumScriptsOnAlreadyOpenedBrowser"/>
  <system-out/>
</testsuite> <!-- debugging.ExecuteSeleniumScriptsOnAlreadyOpenedBrowser -->
