<?xml version="1.0" encoding="UTF-8"?>
<!-- Generated by org.testng.reporters.JUnitReportReporter -->
<testsuite skipped="0" hostname="XIPL9722" name="captureseleniumlog.CaptureSeleniumLog" tests="1" failures="0" timestamp="2021-04-12T09:52:26 IST" time="17.954" errors="0">
  <testcase name="testBrowser" time="17.954" classname="captureseleniumlog.CaptureSeleniumLog"/>
  <system-out/>
</testsuite> <!-- captureseleniumlog.CaptureSeleniumLog -->
