<?xml version="1.0" encoding="UTF-8"?>
<!-- Generated by org.testng.reporters.JUnitReportReporter -->
<testsuite skipped="0" hostname="XIPL9722" name="jsdemo.JavaScriptConcept" tests="1" failures="0" timestamp="2021-06-26T12:20:56 IST" time="10.008" errors="0">
  <testcase name="brokenLinksExample" time="10.008" classname="jsdemo.JavaScriptConcept"/>
  <system-out/>
</testsuite> <!-- jsdemo.JavaScriptConcept -->
