<?xml version="1.0" encoding="UTF-8"?>
<!-- Generated by org.testng.reporters.JUnitReportReporter -->
<testsuite hostname="XIPL9722" failures="0" tests="6" name="datadriventesting.DataDrivenTestUsingExcel" time="182.638" errors="0" timestamp="2021-04-03T10:58:17 IST" skipped="0">
  <testcase classname="datadriventesting.DataDrivenTestUsingExcel" name="loginWithSetOfTestData" time="6.946"/>
  <system-out/>
  <testcase classname="datadriventesting.DataDrivenTestUsingExcel" name="loginWithSetOfTestData" time="27.740"/>
  <system-out/>
  <testcase classname="datadriventesting.DataDrivenTestUsingExcel" name="loginWithSetOfTestData" time="109.644"/>
  <system-out/>
  <testcase classname="datadriventesting.DataDrivenTestUsingExcel" name="loginWithSetOfTestData" time="10.545"/>
  <system-out/>
  <testcase classname="datadriventesting.DataDrivenTestUsingExcel" name="loginWithSetOfTestData" time="16.457"/>
  <system-out/>
  <testcase classname="datadriventesting.DataDrivenTestUsingExcel" name="loginWithSetOfTestData" time="11.306"/>
  <system-out/>
</testsuite> <!-- datadriventesting.DataDrivenTestUsingExcel -->
