<?xml version="1.0" encoding="UTF-8"?>
<!-- Generated by org.testng.reporters.JUnitReportReporter -->
<testsuite skipped="0" hostname="XIPL9722" name="debugging.ExecuteSeleniumScriptsOnAlreadyOpenedBrowser" tests="1" failures="0" timestamp="2021-07-22T08:52:05 IST" time="4.937" errors="0">
  <testcase name="testDebugging" time="4.937" classname="debugging.ExecuteSeleniumScriptsOnAlreadyOpenedBrowser"/>
  <system-out/>
</testsuite> <!-- debugging.ExecuteSeleniumScriptsOnAlreadyOpenedBrowser -->
