<?xml version="1.0" encoding="UTF-8"?>
<!-- Generated by org.testng.reporters.JUnitReportReporter -->
<testsuite skipped="0" hostname="XIPL9722" name="removechromewarning.RemoveChromeWarningInSelenium" tests="1" failures="0" timestamp="2021-04-12T10:01:24 IST" time="10.541" errors="0">
  <testcase name="testBrowser" time="10.541" classname="removechromewarning.RemoveChromeWarningInSelenium"/>
  <system-out/>
</testsuite> <!-- removechromewarning.RemoveChromeWarningInSelenium -->
