<?xml version="1.0" encoding="UTF-8"?>
<!-- Generated by org.testng.reporters.JUnitReportReporter -->
<testsuite skipped="0" hostname="XIPL9722" name="changeBrowserLang.ChangeLang" tests="1" failures="0" timestamp="2021-07-30T13:07:40 IST" time="7.942" errors="0">
  <testcase name="testBrowser" time="7.942" classname="changeBrowserLang.ChangeLang"/>
  <system-out/>
</testsuite> <!-- changeBrowserLang.ChangeLang -->
