<?xml version="1.0" encoding="UTF-8"?>
<!-- Generated by org.testng.reporters.JUnitReportReporter -->
<testsuite skipped="0" hostname="XIPL9722" name="log4j.LogDemo" tests="1" failures="0" timestamp="2021-07-02T09:25:28 IST" time="13.828" errors="0">
  <testcase name="log4jdemo" time="13.828" classname="log4j.LogDemo"/>
  <system-out/>
</testsuite> <!-- log4j.LogDemo -->
