<?xml version="1.0" encoding="UTF-8"?>
<!-- Generated by org.testng.reporters.JUnitReportReporter -->
<testsuite skipped="0" hostname="XIPL9722" name="debugging.getDebuggerPortOfExistingBrowswe" tests="1" failures="0" timestamp="2021-07-22T08:53:00 IST" time="4.280" errors="0">
  <testcase name="testDebugging" time="4.280" classname="debugging.getDebuggerPortOfExistingBrowswe"/>
  <system-out/>
</testsuite> <!-- debugging.getDebuggerPortOfExistingBrowswe -->
