<?xml version="1.0" encoding="UTF-8"?>
<!-- Generated by org.testng.reporters.JUnitReportReporter -->
<testsuite skipped="0" hostname="XIPL9722" name="crossbrowser.CrossBrowserTest" tests="1" failures="0" timestamp="2021-04-06T08:02:13 IST" time="14.084" errors="0">
  <testcase name="testBrowser" time="14.084" classname="crossbrowser.CrossBrowserTest"/>
  <system-out/>
</testsuite> <!-- crossbrowser.CrossBrowserTest -->
