<?xml version="1.0" encoding="UTF-8"?>
<!-- Generated by org.testng.reporters.JUnitReportReporter -->
<testsuite skipped="0" hostname="XIPL9722" name="singleton.TestConcept" tests="1" failures="0" timestamp="2021-07-02T09:33:45 IST" time="6.360" errors="0">
  <testcase name="getGoogleTitle" time="6.360" classname="singleton.TestConcept"/>
  <system-out/>
</testsuite> <!-- singleton.TestConcept -->
