<?xml version="1.0" encoding="UTF-8"?>
<!-- Generated by org.testng.reporters.JUnitReportReporter -->
<testsuite skipped="0" hostname="XIPL9722" name="mouseandkeyboardactions.mouseHover" tests="1" failures="0" timestamp="2021-07-21T19:18:55 IST" time="41.708" errors="0">
  <testcase name="draggableExample" time="41.708" classname="mouseandkeyboardactions.mouseHover"/>
  <system-out/>
</testsuite> <!-- mouseandkeyboardactions.mouseHover -->
