<?xml version="1.0" encoding="UTF-8"?>
<!-- Generated by org.testng.reporters.JUnitReportReporter -->
<testsuite hostname="XIPL9722" failures="0" tests="1" name="propertyfilehandling.PropertyFileDemo" time="4.407" errors="0" timestamp="2021-04-04T08:18:11 IST" skipped="0">
  <testcase classname="propertyfilehandling.PropertyFileDemo" name="getPathFromPropertyFile" time="4.407"/>
  <system-out/>
</testsuite> <!-- propertyfilehandling.PropertyFileDemo -->
